0 info it worked if it ends with ok
1 verbose cli [ 'node', '/home/joe/npm-global/bin/npm', 'start' ]
2 info using npm@2.13.0
3 info using node@v0.10.25
4 verbose node symlink /usr/bin/node
5 verbose stack Error: Failed to parse json
5 verbose stack Unexpected token 's' at 17:6
5 verbose stack     "serve-favicon": "~2.2.1",
5 verbose stack      ^
5 verbose stack     at parseError (/home/joe/npm-global/lib/node_modules/npm/node_modules/read-package-json/read-json.js:379:11)
5 verbose stack     at parseJson (/home/joe/npm-global/lib/node_modules/npm/node_modules/read-package-json/read-json.js:68:23)
5 verbose stack     at /home/joe/npm-global/lib/node_modules/npm/node_modules/read-package-json/read-json.js:48:5
5 verbose stack     at evalmachine.<anonymous>:268:14
5 verbose stack     at /home/joe/npm-global/lib/node_modules/npm/node_modules/read-package-json/node_modules/graceful-fs/graceful-fs.js:102:5
5 verbose stack     at Object.oncomplete (evalmachine.<anonymous>:107:15)
6 verbose cwd /home/joe/Documents/tcheza
7 error Linux 3.16.0-46-generic
8 error argv "node" "/home/joe/npm-global/bin/npm" "start"
9 error node v0.10.25
10 error npm  v2.13.0
11 error file /home/joe/Documents/tcheza/package.json
12 error code EJSONPARSE
13 error Failed to parse json
13 error Unexpected token 's' at 17:6
13 error     "serve-favicon": "~2.2.1",
13 error      ^
14 error File: /home/joe/Documents/tcheza/package.json
15 error Failed to parse package.json data.
15 error package.json must be actual JSON, not just JavaScript.
15 error
15 error This is not a bug in npm.
15 error Tell the package author to fix their package.json file. JSON.parse
16 verbose exit [ 1, true ]
